# JRE version: Java(TM) SE Runtime Environment (18.0.1.1+2) (build 18.0.1.1+2-6)
# Java VM: Java HotSpot(TM) 64-Bit Server VM (18.0.1.1+2-6, mixed mode, sharing, tiered, compressed oops, compressed class ptrs, g1 gc, windows-amd64)
GC Precious Log:
 CardTable entry size: 512
 Card Set container configuration: InlinePtr #cards 4 size 8 Array Of Cards #cards 16 size 48 Howl #buckets 8 coarsen threshold 3686 Howl Bitmap #cards 512 size 80 coarsen threshold 460 Card regions per heap region 1 cards per card region 4096
 CPUs: 4 total, 4 available
 Memory: 16264M
 Large Page Support: Disabled
 NUMA Support: Disabled
 Compressed Oops: Enabled (Zero based)
 Heap Region Size: 2M
 Heap Min Capacity: 8M
 Heap Initial Capacity: 256M
 Heap Max Capacity: 4068M
 Pre-touch: Disabled
 Parallel Workers: 4
 Concurrent Workers: 1
 Concurrent Refinement Workers: 4
 Periodic GC: Disabled
Heap:
 garbage-first heap   total 159744K, used 87313K [0x0000000701c00000, 0x0000000800000000)
  region size 2048K, 36 young (73728K), 1 survivors (2048K)
 Metaspace       used 58434K, committed 59008K, reserved 1114112K
  class space    used 7583K, committed 7872K, reserved 1048576K
GC Heap History (20 events):
Event: 3.914 GC heap before
{Heap before GC invocations=2 (full 0):
 garbage-first heap   total 262144K, used 36421K [0x0000000701c00000, 0x0000000800000000)
  region size 2048K, 16 young (32768K), 1 survivors (2048K)
 Metaspace       used 11258K, committed 11456K, reserved 1114112K
  class space    used 1304K, committed 1408K, reserved 1048576K
}
Event: 3.918 GC heap after
{Heap after GC invocations=3 (full 0):
 garbage-first heap   total 262144K, used 7738K [0x0000000701c00000, 0x0000000800000000)
  region size 2048K, 2 young (4096K), 2 survivors (4096K)
 Metaspace       used 11258K, committed 11456K, reserved 1114112K
  class space    used 1304K, committed 1408K, reserved 1048576K
}
Event: 6.059 GC heap before
{Heap before GC invocations=3 (full 0):
 garbage-first heap   total 262144K, used 67130K [0x0000000701c00000, 0x0000000800000000)
  region size 2048K, 33 young (67584K), 2 survivors (4096K)
 Metaspace       used 21193K, committed 21504K, reserved 1114112K
  class space    used 2544K, committed 2688K, reserved 1048576K
}
Event: 6.067 GC heap after
{Heap after GC invocations=4 (full 0):
 garbage-first heap   total 262144K, used 11677K [0x0000000701c00000, 0x0000000800000000)
  region size 2048K, 4 young (8192K), 4 survivors (8192K)
 Metaspace       used 21193K, committed 21504K, reserved 1114112K
  class space    used 2544K, committed 2688K, reserved 1048576K
}
Event: 7.150 GC heap before
{Heap before GC invocations=5 (full 0):
 garbage-first heap   total 55296K, used 36253K [0x0000000701c00000, 0x0000000800000000)
  region size 2048K, 16 young (32768K), 4 survivors (8192K)
 Metaspace       used 25478K, committed 25920K, reserved 1114112K
  class space    used 3131K, committed 3328K, reserved 1048576K
}
Event: 7.161 GC heap after
{Heap after GC invocations=6 (full 0):
 garbage-first heap   total 55296K, used 14133K [0x0000000701c00000, 0x0000000800000000)
  region size 2048K, 2 young (4096K), 2 survivors (4096K)
 Metaspace       used 25478K, committed 25920K, reserved 1114112K
  class space    used 3131K, committed 3328K, reserved 1048576K
}
Event: 7.245 GC heap before
{Heap before GC invocations=6 (full 0):
 garbage-first heap   total 55296K, used 16181K [0x0000000701c00000, 0x0000000800000000)
  region size 2048K, 3 young (6144K), 2 survivors (4096K)
 Metaspace       used 26071K, committed 26560K, reserved 1114112K
  class space    used 3196K, committed 3456K, reserved 1048576K
}
Event: 7.251 GC heap after
{Heap after GC invocations=7 (full 0):
 garbage-first heap   total 55296K, used 14466K [0x0000000701c00000, 0x0000000800000000)
  region size 2048K, 1 young (2048K), 1 survivors (2048K)
 Metaspace       used 26071K, committed 26560K, reserved 1114112K
  class space    used 3196K, committed 3456K, reserved 1048576K
}
Event: 8.135 GC heap before
{Heap before GC invocations=7 (full 0):
 garbage-first heap   total 55296K, used 34946K [0x0000000701c00000, 0x0000000800000000)
  region size 2048K, 12 young (24576K), 1 survivors (2048K)
 Metaspace       used 29437K, committed 29888K, reserved 1114112K
  class space    used 3607K, committed 3840K, reserved 1048576K
}
Event: 8.139 GC heap after
{Heap after GC invocations=8 (full 0):
 garbage-first heap   total 55296K, used 16018K [0x0000000701c00000, 0x0000000800000000)
  region size 2048K, 1 young (2048K), 1 survivors (2048K)
 Metaspace       used 29437K, committed 29888K, reserved 1114112K
  class space    used 3607K, committed 3840K, reserved 1048576K
}
Event: 9.001 GC heap before
{Heap before GC invocations=8 (full 0):
 garbage-first heap   total 55296K, used 38546K [0x0000000701c00000, 0x0000000800000000)
  region size 2048K, 12 young (24576K), 1 survivors (2048K)
 Metaspace       used 34760K, committed 35264K, reserved 1114112K
  class space    used 4374K, committed 4608K, reserved 1048576K
}
Event: 9.005 GC heap after
{Heap after GC invocations=9 (full 0):
 garbage-first heap   total 55296K, used 17393K [0x0000000701c00000, 0x0000000800000000)
  region size 2048K, 2 young (4096K), 2 survivors (4096K)
 Metaspace       used 34760K, committed 35264K, reserved 1114112K
  class space    used 4374K, committed 4608K, reserved 1048576K
}
Event: 9.099 GC heap before
{Heap before GC invocations=9 (full 0):
 garbage-first heap   total 55296K, used 19441K [0x0000000701c00000, 0x0000000800000000)
  region size 2048K, 4 young (8192K), 2 survivors (4096K)
 Metaspace       used 35514K, committed 35968K, reserved 1114112K
  class space    used 4439K, committed 4672K, reserved 1048576K
}
Event: 9.104 GC heap after
{Heap after GC invocations=10 (full 0):
 garbage-first heap   total 55296K, used 17489K [0x0000000701c00000, 0x0000000800000000)
  region size 2048K, 1 young (2048K), 1 survivors (2048K)
 Metaspace       used 35514K, committed 35968K, reserved 1114112K
  class space    used 4439K, committed 4672K, reserved 1048576K
}
Event: 10.124 GC heap before
{Heap before GC invocations=11 (full 0):
 garbage-first heap   total 55296K, used 37969K [0x0000000701c00000, 0x0000000800000000)
  region size 2048K, 12 young (24576K), 1 survivors (2048K)
 Metaspace       used 42768K, committed 43264K, reserved 1114112K
  class space    used 5336K, committed 5568K, reserved 1048576K
}
Event: 10.128 GC heap after
{Heap after GC invocations=12 (full 0):
 garbage-first heap   total 55296K, used 19018K [0x0000000701c00000, 0x0000000800000000)
  region size 2048K, 2 young (4096K), 2 survivors (4096K)
 Metaspace       used 42768K, committed 43264K, reserved 1114112K
  class space    used 5336K, committed 5568K, reserved 1048576K
}
Event: 10.181 GC heap before
{Heap before GC invocations=12 (full 0):
 garbage-first heap   total 55296K, used 21066K [0x0000000701c00000, 0x0000000800000000)
  region size 2048K, 3 young (6144K), 2 survivors (4096K)
 Metaspace       used 43041K, committed 43584K, reserved 1114112K
  class space    used 5361K, committed 5632K, reserved 1048576K
}
Event: 10.188 GC heap after
{Heap after GC invocations=13 (full 0):
 garbage-first heap   total 55296K, used 18950K [0x0000000701c00000, 0x0000000800000000)
  region size 2048K, 1 young (2048K), 1 survivors (2048K)
 Metaspace       used 43041K, committed 43584K, reserved 1114112K
  class space    used 5361K, committed 5632K, reserved 1048576K
}
Event: 10.872 GC heap before
{Heap before GC invocations=13 (full 0):
 garbage-first heap   total 55296K, used 39430K [0x0000000701c00000, 0x0000000800000000)
  region size 2048K, 12 young (24576K), 1 survivors (2048K)
 Metaspace       used 47515K, committed 48064K, reserved 1114112K
  class space    used 6037K, committed 6272K, reserved 1048576K
}
Event: 10.875 GC heap after
{Heap after GC invocations=14 (full 0):
 garbage-first heap   total 159744K, used 19729K [0x0000000701c00000, 0x0000000800000000)
  region size 2048K, 1 young (2048K), 1 survivors (2048K)
 Metaspace       used 47515K, committed 48064K, reserved 1114112K
  class space    used 6037K, committed 6272K, reserved 1048576K
}

